[2024-07-30T11:45:52.798+0000] {taskinstance.py:1159} INFO - Dependencies all met for dep_context=non-requeueable deps ti=<TaskInstance: reports_workflow.task_validate_submissions manual__2024-07-30T11:45:50.756523+00:00 [queued]>
[2024-07-30T11:45:52.806+0000] {taskinstance.py:1159} INFO - Dependencies all met for dep_context=requeueable deps ti=<TaskInstance: reports_workflow.task_validate_submissions manual__2024-07-30T11:45:50.756523+00:00 [queued]>
[2024-07-30T11:45:52.806+0000] {taskinstance.py:1361} INFO - Starting attempt 1 of 2
[2024-07-30T11:45:52.819+0000] {taskinstance.py:1382} INFO - Executing <Task(PythonOperator): task_validate_submissions> on 2024-07-30 11:45:50.756523+00:00
[2024-07-30T11:45:52.825+0000] {standard_task_runner.py:57} INFO - Started process 191 to run task
[2024-07-30T11:45:52.848+0000] {standard_task_runner.py:84} INFO - Running: ['***', 'tasks', 'run', 'reports_workflow', 'task_validate_submissions', 'manual__2024-07-30T11:45:50.756523+00:00', '--job-id', '428', '--raw', '--subdir', 'DAGS_FOLDER/dag_stat_report.py', '--cfg-path', '/tmp/tmpg63op6ez']
[2024-07-30T11:45:52.852+0000] {standard_task_runner.py:85} INFO - Job 428: Subtask task_validate_submissions
[2024-07-30T11:45:53.009+0000] {task_command.py:415} INFO - Running <TaskInstance: reports_workflow.task_validate_submissions manual__2024-07-30T11:45:50.756523+00:00 [running]> on host 6bb718ab9b8f
[2024-07-30T11:45:53.189+0000] {taskinstance.py:1660} INFO - Exporting env vars: AIRFLOW_CTX_DAG_OWNER='FIRDAVS' AIRFLOW_CTX_DAG_ID='reports_workflow' AIRFLOW_CTX_TASK_ID='task_validate_submissions' AIRFLOW_CTX_EXECUTION_DATE='2024-07-30T11:45:50.756523+00:00' AIRFLOW_CTX_TRY_NUMBER='1' AIRFLOW_CTX_DAG_RUN_ID='manual__2024-07-30T11:45:50.756523+00:00'
[2024-07-30T11:45:53.193+0000] {logging_mixin.py:151} INFO - path of config file:  /opt/***
[2024-07-30T11:45:53.212+0000] {logging_mixin.py:151} INFO - prinnnnnnnnnnnnnnnnt:  (4, 4, 1, '1HK.v0.1626.30062024.xlsx', <memory at 0x7f5270221ac0>, None, None)
[2024-07-30T11:45:53.214+0000] {logging_mixin.py:151} INFO - 2024-06-30 00:00:00
[2024-07-30T11:45:53.220+0000] {logging_mixin.py:151} WARNING - Traceback (most recent call last):
[2024-07-30T11:45:53.220+0000] {logging_mixin.py:151} WARNING -   File "/opt/***/dags/library/validation_reports.py", line 198, in select_datas
    cursor.execute(postgres_insert_query)
[2024-07-30T11:45:53.220+0000] {logging_mixin.py:151} WARNING - psycopg2.errors.UndefinedFunction: operator does not exist: integer = boolean
LINE 1: ...ect * from sma_stat_dep.tbl_schedule WHERE bank_id=False AND...
                                                             ^
HINT:  No operator matches the given name and argument types. You might need to add explicit type casts.
[2024-07-30T11:45:53.221+0000] {logging_mixin.py:151} INFO - Error while fetching data from PostgreSQL operator does not exist: integer = boolean
LINE 1: ...ect * from sma_stat_dep.tbl_schedule WHERE bank_id=False AND...
                                                             ^
HINT:  No operator matches the given name and argument types. You might need to add explicit type casts.
[2024-07-30T11:45:53.221+0000] {logging_mixin.py:151} INFO -  None
[2024-07-30T11:45:53.222+0000] {logging_mixin.py:151} WARNING - Traceback (most recent call last):
[2024-07-30T11:45:53.222+0000] {logging_mixin.py:151} WARNING -   File "/opt/***/dags/library/validation_reports.py", line 198, in select_datas
    cursor.execute(postgres_insert_query)
[2024-07-30T11:45:53.222+0000] {logging_mixin.py:151} WARNING - psycopg2.errors.UndefinedFunction: operator does not exist: integer = boolean
LINE 1: ...ect * from sma_stat_dep.tbl_schedule WHERE bank_id=False AND...
                                                             ^
HINT:  No operator matches the given name and argument types. You might need to add explicit type casts.
[2024-07-30T11:45:53.222+0000] {logging_mixin.py:151} WARNING - 
During handling of the above exception, another exception occurred:
[2024-07-30T11:45:53.222+0000] {logging_mixin.py:151} WARNING - Traceback (most recent call last):
[2024-07-30T11:45:53.223+0000] {logging_mixin.py:151} WARNING -   File "/opt/***/dags/library/validation_reports.py", line 381, in select_datas
    cursor.execute(postgres_insert_query)
[2024-07-30T11:45:53.223+0000] {logging_mixin.py:151} WARNING - psycopg2.errors.InFailedSqlTransaction: current transaction is aborted, commands ignored until end of transaction block
[2024-07-30T11:45:53.223+0000] {logging_mixin.py:151} INFO - Error while fetching data from PostgreSQL current transaction is aborted, commands ignored until end of transaction block
[2024-07-30T11:45:53.223+0000] {logging_mixin.py:151} INFO -  None
[2024-07-30T11:45:53.223+0000] {logging_mixin.py:151} INFO - PostgreSQL connection is closed
[2024-07-30T11:45:53.223+0000] {python.py:194} INFO - Done. Returned value was: None
[2024-07-30T11:45:53.236+0000] {taskinstance.py:1400} INFO - Marking task as SUCCESS. dag_id=reports_workflow, task_id=task_validate_submissions, execution_date=20240730T114550, start_date=20240730T114552, end_date=20240730T114553
[2024-07-30T11:45:53.254+0000] {local_task_job_runner.py:228} INFO - Task exited with return code 0
[2024-07-30T11:45:53.280+0000] {taskinstance.py:2784} INFO - 0 downstream tasks scheduled from follow-on schedule check
