[2024-07-08T06:35:01.261+0000] {taskinstance.py:1159} INFO - Dependencies all met for dep_context=non-requeueable deps ti=<TaskInstance: reports_workflow.task_validate_submissions scheduled__2024-07-08T06:30:00+00:00 [queued]>
[2024-07-08T06:35:01.269+0000] {taskinstance.py:1159} INFO - Dependencies all met for dep_context=requeueable deps ti=<TaskInstance: reports_workflow.task_validate_submissions scheduled__2024-07-08T06:30:00+00:00 [queued]>
[2024-07-08T06:35:01.269+0000] {taskinstance.py:1361} INFO - Starting attempt 1 of 2
[2024-07-08T06:35:01.279+0000] {taskinstance.py:1382} INFO - Executing <Task(PythonOperator): task_validate_submissions> on 2024-07-08 06:30:00+00:00
[2024-07-08T06:35:01.284+0000] {standard_task_runner.py:57} INFO - Started process 3844 to run task
[2024-07-08T06:35:01.290+0000] {standard_task_runner.py:84} INFO - Running: ['***', 'tasks', 'run', 'reports_workflow', 'task_validate_submissions', 'scheduled__2024-07-08T06:30:00+00:00', '--job-id', '3568', '--raw', '--subdir', 'DAGS_FOLDER/dag_email_robot.py', '--cfg-path', '/tmp/tmpbrm07xte']
[2024-07-08T06:35:01.294+0000] {standard_task_runner.py:85} INFO - Job 3568: Subtask task_validate_submissions
[2024-07-08T06:35:01.370+0000] {task_command.py:415} INFO - Running <TaskInstance: reports_workflow.task_validate_submissions scheduled__2024-07-08T06:30:00+00:00 [running]> on host 6f4ef5488251
[2024-07-08T06:35:01.467+0000] {taskinstance.py:1660} INFO - Exporting env vars: AIRFLOW_CTX_DAG_OWNER='FIRDAVS' AIRFLOW_CTX_DAG_ID='reports_workflow' AIRFLOW_CTX_TASK_ID='task_validate_submissions' AIRFLOW_CTX_EXECUTION_DATE='2024-07-08T06:30:00+00:00' AIRFLOW_CTX_TRY_NUMBER='1' AIRFLOW_CTX_DAG_RUN_ID='scheduled__2024-07-08T06:30:00+00:00'
[2024-07-08T06:35:01.468+0000] {logging_mixin.py:151} INFO - path of config file:  /opt/***
[2024-07-08T06:35:01.483+0000] {logging_mixin.py:151} INFO - 2024-01-31 00:00:00
[2024-07-08T06:35:01.483+0000] {logging_mixin.py:151} INFO - {'name': '1HK', 'version': 'v0', 'bic4': '0000', 'date': '2024-01-31 00:00:00'}
[2024-07-08T06:35:01.484+0000] {logging_mixin.py:151} INFO - PostgreSQL connection is closed
[2024-07-08T06:35:01.484+0000] {python.py:194} INFO - Done. Returned value was: None
[2024-07-08T06:35:01.499+0000] {taskinstance.py:1400} INFO - Marking task as SUCCESS. dag_id=reports_workflow, task_id=task_validate_submissions, execution_date=20240708T063000, start_date=20240708T063501, end_date=20240708T063501
[2024-07-08T06:35:01.545+0000] {local_task_job_runner.py:228} INFO - Task exited with return code 0
[2024-07-08T06:35:01.574+0000] {taskinstance.py:2784} INFO - 0 downstream tasks scheduled from follow-on schedule check
[2024-07-08T10:13:39.878+0000] {taskinstance.py:1159} INFO - Dependencies all met for dep_context=non-requeueable deps ti=<TaskInstance: reports_workflow.task_validate_submissions scheduled__2024-07-08T06:30:00+00:00 [queued]>
[2024-07-08T10:13:39.906+0000] {taskinstance.py:1159} INFO - Dependencies all met for dep_context=requeueable deps ti=<TaskInstance: reports_workflow.task_validate_submissions scheduled__2024-07-08T06:30:00+00:00 [queued]>
[2024-07-08T10:13:39.906+0000] {taskinstance.py:1361} INFO - Starting attempt 1 of 2
[2024-07-08T10:13:39.933+0000] {taskinstance.py:1382} INFO - Executing <Task(PythonOperator): task_validate_submissions> on 2024-07-08 06:30:00+00:00
[2024-07-08T10:13:39.961+0000] {standard_task_runner.py:57} INFO - Started process 7737 to run task
[2024-07-08T10:13:40.000+0000] {standard_task_runner.py:84} INFO - Running: ['***', 'tasks', 'run', 'reports_workflow', 'task_validate_submissions', 'scheduled__2024-07-08T06:30:00+00:00', '--job-id', '3734', '--raw', '--subdir', 'DAGS_FOLDER/dag_email_robot.py', '--cfg-path', '/tmp/tmpsc0y_u66']
[2024-07-08T10:13:40.013+0000] {standard_task_runner.py:85} INFO - Job 3734: Subtask task_validate_submissions
[2024-07-08T10:13:40.340+0000] {task_command.py:415} INFO - Running <TaskInstance: reports_workflow.task_validate_submissions scheduled__2024-07-08T06:30:00+00:00 [running]> on host 6f4ef5488251
[2024-07-08T10:13:40.661+0000] {taskinstance.py:1660} INFO - Exporting env vars: AIRFLOW_CTX_DAG_OWNER='FIRDAVS' AIRFLOW_CTX_DAG_ID='reports_workflow' AIRFLOW_CTX_TASK_ID='task_validate_submissions' AIRFLOW_CTX_EXECUTION_DATE='2024-07-08T06:30:00+00:00' AIRFLOW_CTX_TRY_NUMBER='1' AIRFLOW_CTX_DAG_RUN_ID='scheduled__2024-07-08T06:30:00+00:00'
[2024-07-08T10:13:40.706+0000] {taskinstance.py:1943} ERROR - Task failed with exception
Traceback (most recent call last):
  File "/opt/airflow/dags/dependancy_check.py", line 15, in get_hello
    connection = psycopg2.connect(user="docker",
  File "/home/airflow/.local/lib/python3.8/site-packages/psycopg2/__init__.py", line 122, in connect
    conn = _connect(dsn, connection_factory=connection_factory, **kwasync)
psycopg2.OperationalError: could not translate host name "posql-postgres_omor-1" to address: Name or service not known


During handling of the above exception, another exception occurred:

Traceback (most recent call last):
  File "/home/airflow/.local/lib/python3.8/site-packages/airflow/operators/python.py", line 192, in execute
    return_value = self.execute_callable()
  File "/home/airflow/.local/lib/python3.8/site-packages/airflow/operators/python.py", line 209, in execute_callable
    return self.python_callable(*self.op_args, **self.op_kwargs)
  File "/opt/airflow/dags/dag_email_robot.py", line 49, in validate_submissions
    get_hello()
  File "/opt/airflow/dags/dependancy_check.py", line 266, in get_hello
    if connection:
UnboundLocalError: local variable 'connection' referenced before assignment
[2024-07-08T10:13:40.823+0000] {taskinstance.py:1400} INFO - Marking task as UP_FOR_RETRY. dag_id=reports_workflow, task_id=task_validate_submissions, execution_date=20240708T063000, start_date=20240708T101339, end_date=20240708T101340
[2024-07-08T10:13:40.870+0000] {standard_task_runner.py:104} ERROR - Failed to execute job 3734 for task task_validate_submissions (local variable 'connection' referenced before assignment; 7737)
[2024-07-08T10:13:40.932+0000] {local_task_job_runner.py:228} INFO - Task exited with return code 1
[2024-07-08T10:13:42.438+0000] {taskinstance.py:2784} INFO - 0 downstream tasks scheduled from follow-on schedule check
[2024-07-08T10:22:04.983+0000] {taskinstance.py:1159} INFO - Dependencies all met for dep_context=non-requeueable deps ti=<TaskInstance: reports_workflow.task_validate_submissions scheduled__2024-07-08T06:30:00+00:00 [queued]>
[2024-07-08T10:22:04.991+0000] {taskinstance.py:1159} INFO - Dependencies all met for dep_context=requeueable deps ti=<TaskInstance: reports_workflow.task_validate_submissions scheduled__2024-07-08T06:30:00+00:00 [queued]>
[2024-07-08T10:22:04.991+0000] {taskinstance.py:1361} INFO - Starting attempt 1 of 2
[2024-07-08T10:22:05.006+0000] {taskinstance.py:1382} INFO - Executing <Task(PythonOperator): task_validate_submissions> on 2024-07-08 06:30:00+00:00
[2024-07-08T10:22:05.012+0000] {standard_task_runner.py:57} INFO - Started process 8005 to run task
[2024-07-08T10:22:05.018+0000] {standard_task_runner.py:84} INFO - Running: ['***', 'tasks', 'run', 'reports_workflow', 'task_validate_submissions', 'scheduled__2024-07-08T06:30:00+00:00', '--job-id', '3790', '--raw', '--subdir', 'DAGS_FOLDER/dag_email_robot.py', '--cfg-path', '/tmp/tmpazvinxkg']
[2024-07-08T10:22:05.024+0000] {standard_task_runner.py:85} INFO - Job 3790: Subtask task_validate_submissions
[2024-07-08T10:22:05.084+0000] {task_command.py:415} INFO - Running <TaskInstance: reports_workflow.task_validate_submissions scheduled__2024-07-08T06:30:00+00:00 [running]> on host 6f4ef5488251
[2024-07-08T10:22:05.168+0000] {taskinstance.py:1660} INFO - Exporting env vars: AIRFLOW_CTX_DAG_OWNER='FIRDAVS' AIRFLOW_CTX_DAG_ID='reports_workflow' AIRFLOW_CTX_TASK_ID='task_validate_submissions' AIRFLOW_CTX_EXECUTION_DATE='2024-07-08T06:30:00+00:00' AIRFLOW_CTX_TRY_NUMBER='1' AIRFLOW_CTX_DAG_RUN_ID='scheduled__2024-07-08T06:30:00+00:00'
[2024-07-08T10:22:05.189+0000] {logging_mixin.py:151} INFO - (1, '+OK 1 1720002855705013288', 'khalimzod@list.ru_374_2024-07-03 12:20:28.539851_<000701dacd34$7fa4a120$7eede360$@nbt.tj>', datetime.datetime(2024, 7, 3, 15, 33, 52, tzinfo=datetime.timezone.utc), datetime.datetime(2024, 7, 3, 12, 20, 29, tzinfo=datetime.timezone.utc), 'Халимзод Исмоил Абдурахмон <ihalimzod@nbt.tj>', 1, 1)
[2024-07-08T10:22:05.195+0000] {logging_mixin.py:151} INFO - 2024-01-31 00:00:00
[2024-07-08T10:22:05.196+0000] {logging_mixin.py:151} INFO - {'name': '1HK', 'version': 'v0', 'bic4': '0000', 'date': '2024-01-31 00:00:00'}
[2024-07-08T10:22:05.196+0000] {logging_mixin.py:151} INFO - PostgreSQL connection is closed
[2024-07-08T10:22:05.197+0000] {python.py:194} INFO - Done. Returned value was: None
[2024-07-08T10:22:05.211+0000] {taskinstance.py:1400} INFO - Marking task as SUCCESS. dag_id=reports_workflow, task_id=task_validate_submissions, execution_date=20240708T063000, start_date=20240708T102204, end_date=20240708T102205
[2024-07-08T10:22:05.269+0000] {local_task_job_runner.py:228} INFO - Task exited with return code 0
[2024-07-08T10:22:05.300+0000] {taskinstance.py:2784} INFO - 0 downstream tasks scheduled from follow-on schedule check
[2024-07-08T10:26:56.270+0000] {taskinstance.py:1159} INFO - Dependencies all met for dep_context=non-requeueable deps ti=<TaskInstance: reports_workflow.task_validate_submissions scheduled__2024-07-08T06:30:00+00:00 [queued]>
[2024-07-08T10:26:56.316+0000] {taskinstance.py:1159} INFO - Dependencies all met for dep_context=requeueable deps ti=<TaskInstance: reports_workflow.task_validate_submissions scheduled__2024-07-08T06:30:00+00:00 [queued]>
[2024-07-08T10:26:56.317+0000] {taskinstance.py:1361} INFO - Starting attempt 1 of 2
[2024-07-08T10:26:56.344+0000] {taskinstance.py:1382} INFO - Executing <Task(PythonOperator): task_validate_submissions> on 2024-07-08 06:30:00+00:00
[2024-07-08T10:26:56.356+0000] {standard_task_runner.py:57} INFO - Started process 8720 to run task
[2024-07-08T10:26:56.390+0000] {standard_task_runner.py:84} INFO - Running: ['***', 'tasks', 'run', 'reports_workflow', 'task_validate_submissions', 'scheduled__2024-07-08T06:30:00+00:00', '--job-id', '4003', '--raw', '--subdir', 'DAGS_FOLDER/dag_email_robot.py', '--cfg-path', '/tmp/tmpb3zoghbj']
[2024-07-08T10:26:56.395+0000] {standard_task_runner.py:85} INFO - Job 4003: Subtask task_validate_submissions
[2024-07-08T10:26:56.499+0000] {task_command.py:415} INFO - Running <TaskInstance: reports_workflow.task_validate_submissions scheduled__2024-07-08T06:30:00+00:00 [running]> on host 6f4ef5488251
[2024-07-08T10:26:56.723+0000] {taskinstance.py:1660} INFO - Exporting env vars: AIRFLOW_CTX_DAG_OWNER='FIRDAVS' AIRFLOW_CTX_DAG_ID='reports_workflow' AIRFLOW_CTX_TASK_ID='task_validate_submissions' AIRFLOW_CTX_EXECUTION_DATE='2024-07-08T06:30:00+00:00' AIRFLOW_CTX_TRY_NUMBER='1' AIRFLOW_CTX_DAG_RUN_ID='scheduled__2024-07-08T06:30:00+00:00'
[2024-07-08T10:26:56.766+0000] {logging_mixin.py:151} INFO - (1, '+OK 1 1720002855705013288', 'khalimzod@list.ru_374_2024-07-03 12:20:28.539851_<000701dacd34$7fa4a120$7eede360$@nbt.tj>', datetime.datetime(2024, 7, 3, 15, 33, 52, tzinfo=datetime.timezone.utc), datetime.datetime(2024, 7, 3, 12, 20, 29, tzinfo=datetime.timezone.utc), 'Халимзод Исмоил Абдурахмон <ihalimzod@nbt.tj>', 1, 1)
[2024-07-08T10:26:56.769+0000] {logging_mixin.py:151} INFO - 2024-01-31 00:00:00
[2024-07-08T10:26:56.769+0000] {logging_mixin.py:151} INFO - {'name': '1HK', 'version': 'v0', 'bic4': '0000', 'date': '2024-01-31 00:00:00'}
[2024-07-08T10:26:56.771+0000] {logging_mixin.py:151} INFO - PostgreSQL connection is closed
[2024-07-08T10:26:56.771+0000] {python.py:194} INFO - Done. Returned value was: None
[2024-07-08T10:26:56.792+0000] {taskinstance.py:1400} INFO - Marking task as SUCCESS. dag_id=reports_workflow, task_id=task_validate_submissions, execution_date=20240708T063000, start_date=20240708T102656, end_date=20240708T102656
[2024-07-08T10:26:56.858+0000] {local_task_job_runner.py:228} INFO - Task exited with return code 0
[2024-07-08T10:26:56.897+0000] {taskinstance.py:2784} INFO - 0 downstream tasks scheduled from follow-on schedule check
