[2024-07-08T06:45:01.444+0000] {taskinstance.py:1159} INFO - Dependencies all met for dep_context=non-requeueable deps ti=<TaskInstance: reports_workflow.task_validate_submissions scheduled__2024-07-08T06:40:00+00:00 [queued]>
[2024-07-08T06:45:01.451+0000] {taskinstance.py:1159} INFO - Dependencies all met for dep_context=requeueable deps ti=<TaskInstance: reports_workflow.task_validate_submissions scheduled__2024-07-08T06:40:00+00:00 [queued]>
[2024-07-08T06:45:01.451+0000] {taskinstance.py:1361} INFO - Starting attempt 1 of 2
[2024-07-08T06:45:01.463+0000] {taskinstance.py:1382} INFO - Executing <Task(PythonOperator): task_validate_submissions> on 2024-07-08 06:40:00+00:00
[2024-07-08T06:45:01.469+0000] {standard_task_runner.py:57} INFO - Started process 4017 to run task
[2024-07-08T06:45:01.473+0000] {standard_task_runner.py:84} INFO - Running: ['***', 'tasks', 'run', 'reports_workflow', 'task_validate_submissions', 'scheduled__2024-07-08T06:40:00+00:00', '--job-id', '3574', '--raw', '--subdir', 'DAGS_FOLDER/dag_email_robot.py', '--cfg-path', '/tmp/tmphja_0k8n']
[2024-07-08T06:45:01.477+0000] {standard_task_runner.py:85} INFO - Job 3574: Subtask task_validate_submissions
[2024-07-08T06:45:01.554+0000] {task_command.py:415} INFO - Running <TaskInstance: reports_workflow.task_validate_submissions scheduled__2024-07-08T06:40:00+00:00 [running]> on host 6f4ef5488251
[2024-07-08T06:45:01.674+0000] {taskinstance.py:1660} INFO - Exporting env vars: AIRFLOW_CTX_DAG_OWNER='FIRDAVS' AIRFLOW_CTX_DAG_ID='reports_workflow' AIRFLOW_CTX_TASK_ID='task_validate_submissions' AIRFLOW_CTX_EXECUTION_DATE='2024-07-08T06:40:00+00:00' AIRFLOW_CTX_TRY_NUMBER='1' AIRFLOW_CTX_DAG_RUN_ID='scheduled__2024-07-08T06:40:00+00:00'
[2024-07-08T06:45:01.676+0000] {logging_mixin.py:151} INFO - path of config file:  /opt/***
[2024-07-08T06:45:01.695+0000] {logging_mixin.py:151} INFO - 2024-01-31 00:00:00
[2024-07-08T06:45:01.695+0000] {logging_mixin.py:151} INFO - {'name': '1HK', 'version': 'v0', 'bic4': '0000', 'date': '2024-01-31 00:00:00'}
[2024-07-08T06:45:01.696+0000] {logging_mixin.py:151} INFO - PostgreSQL connection is closed
[2024-07-08T06:45:01.696+0000] {python.py:194} INFO - Done. Returned value was: None
[2024-07-08T06:45:01.705+0000] {taskinstance.py:1400} INFO - Marking task as SUCCESS. dag_id=reports_workflow, task_id=task_validate_submissions, execution_date=20240708T064000, start_date=20240708T064501, end_date=20240708T064501
[2024-07-08T06:45:01.725+0000] {local_task_job_runner.py:228} INFO - Task exited with return code 0
[2024-07-08T06:45:01.743+0000] {taskinstance.py:2784} INFO - 0 downstream tasks scheduled from follow-on schedule check
[2024-07-08T10:13:40.728+0000] {taskinstance.py:1159} INFO - Dependencies all met for dep_context=non-requeueable deps ti=<TaskInstance: reports_workflow.task_validate_submissions scheduled__2024-07-08T06:40:00+00:00 [queued]>
[2024-07-08T10:13:40.940+0000] {taskinstance.py:1159} INFO - Dependencies all met for dep_context=requeueable deps ti=<TaskInstance: reports_workflow.task_validate_submissions scheduled__2024-07-08T06:40:00+00:00 [queued]>
[2024-07-08T10:13:40.940+0000] {taskinstance.py:1361} INFO - Starting attempt 1 of 2
[2024-07-08T10:13:40.990+0000] {taskinstance.py:1382} INFO - Executing <Task(PythonOperator): task_validate_submissions> on 2024-07-08 06:40:00+00:00
[2024-07-08T10:13:41.010+0000] {standard_task_runner.py:57} INFO - Started process 7750 to run task
[2024-07-08T10:13:41.025+0000] {standard_task_runner.py:84} INFO - Running: ['***', 'tasks', 'run', 'reports_workflow', 'task_validate_submissions', 'scheduled__2024-07-08T06:40:00+00:00', '--job-id', '3744', '--raw', '--subdir', 'DAGS_FOLDER/dag_email_robot.py', '--cfg-path', '/tmp/tmpcrh6w7w1']
[2024-07-08T10:13:41.032+0000] {standard_task_runner.py:85} INFO - Job 3744: Subtask task_validate_submissions
[2024-07-08T10:13:42.501+0000] {task_command.py:415} INFO - Running <TaskInstance: reports_workflow.task_validate_submissions scheduled__2024-07-08T06:40:00+00:00 [running]> on host 6f4ef5488251
[2024-07-08T10:13:42.674+0000] {taskinstance.py:1660} INFO - Exporting env vars: AIRFLOW_CTX_DAG_OWNER='FIRDAVS' AIRFLOW_CTX_DAG_ID='reports_workflow' AIRFLOW_CTX_TASK_ID='task_validate_submissions' AIRFLOW_CTX_EXECUTION_DATE='2024-07-08T06:40:00+00:00' AIRFLOW_CTX_TRY_NUMBER='1' AIRFLOW_CTX_DAG_RUN_ID='scheduled__2024-07-08T06:40:00+00:00'
[2024-07-08T10:13:42.686+0000] {taskinstance.py:1943} ERROR - Task failed with exception
Traceback (most recent call last):
  File "/opt/airflow/dags/dependancy_check.py", line 15, in get_hello
    connection = psycopg2.connect(user="docker",
  File "/home/airflow/.local/lib/python3.8/site-packages/psycopg2/__init__.py", line 122, in connect
    conn = _connect(dsn, connection_factory=connection_factory, **kwasync)
psycopg2.OperationalError: could not translate host name "posql-postgres_omor-1" to address: Name or service not known


During handling of the above exception, another exception occurred:

Traceback (most recent call last):
  File "/home/airflow/.local/lib/python3.8/site-packages/airflow/operators/python.py", line 192, in execute
    return_value = self.execute_callable()
  File "/home/airflow/.local/lib/python3.8/site-packages/airflow/operators/python.py", line 209, in execute_callable
    return self.python_callable(*self.op_args, **self.op_kwargs)
  File "/opt/airflow/dags/dag_email_robot.py", line 49, in validate_submissions
    get_hello()
  File "/opt/airflow/dags/dependancy_check.py", line 266, in get_hello
    if connection:
UnboundLocalError: local variable 'connection' referenced before assignment
[2024-07-08T10:13:42.703+0000] {taskinstance.py:1400} INFO - Marking task as UP_FOR_RETRY. dag_id=reports_workflow, task_id=task_validate_submissions, execution_date=20240708T064000, start_date=20240708T101340, end_date=20240708T101342
[2024-07-08T10:13:42.777+0000] {standard_task_runner.py:104} ERROR - Failed to execute job 3744 for task task_validate_submissions (local variable 'connection' referenced before assignment; 7750)
[2024-07-08T10:13:42.794+0000] {local_task_job_runner.py:228} INFO - Task exited with return code 1
[2024-07-08T10:13:42.819+0000] {taskinstance.py:2784} INFO - 0 downstream tasks scheduled from follow-on schedule check
[2024-07-08T10:22:07.212+0000] {taskinstance.py:1159} INFO - Dependencies all met for dep_context=non-requeueable deps ti=<TaskInstance: reports_workflow.task_validate_submissions scheduled__2024-07-08T06:40:00+00:00 [queued]>
[2024-07-08T10:22:07.249+0000] {taskinstance.py:1159} INFO - Dependencies all met for dep_context=requeueable deps ti=<TaskInstance: reports_workflow.task_validate_submissions scheduled__2024-07-08T06:40:00+00:00 [queued]>
[2024-07-08T10:22:07.249+0000] {taskinstance.py:1361} INFO - Starting attempt 1 of 2
[2024-07-08T10:22:07.261+0000] {taskinstance.py:1382} INFO - Executing <Task(PythonOperator): task_validate_submissions> on 2024-07-08 06:40:00+00:00
[2024-07-08T10:22:07.267+0000] {standard_task_runner.py:57} INFO - Started process 8015 to run task
[2024-07-08T10:22:07.273+0000] {standard_task_runner.py:84} INFO - Running: ['***', 'tasks', 'run', 'reports_workflow', 'task_validate_submissions', 'scheduled__2024-07-08T06:40:00+00:00', '--job-id', '3792', '--raw', '--subdir', 'DAGS_FOLDER/dag_email_robot.py', '--cfg-path', '/tmp/tmpw_h46pu9']
[2024-07-08T10:22:07.278+0000] {standard_task_runner.py:85} INFO - Job 3792: Subtask task_validate_submissions
[2024-07-08T10:22:07.335+0000] {task_command.py:415} INFO - Running <TaskInstance: reports_workflow.task_validate_submissions scheduled__2024-07-08T06:40:00+00:00 [running]> on host 6f4ef5488251
[2024-07-08T10:22:07.420+0000] {taskinstance.py:1660} INFO - Exporting env vars: AIRFLOW_CTX_DAG_OWNER='FIRDAVS' AIRFLOW_CTX_DAG_ID='reports_workflow' AIRFLOW_CTX_TASK_ID='task_validate_submissions' AIRFLOW_CTX_EXECUTION_DATE='2024-07-08T06:40:00+00:00' AIRFLOW_CTX_TRY_NUMBER='1' AIRFLOW_CTX_DAG_RUN_ID='scheduled__2024-07-08T06:40:00+00:00'
[2024-07-08T10:22:07.436+0000] {logging_mixin.py:151} INFO - (1, '+OK 1 1720002855705013288', 'khalimzod@list.ru_374_2024-07-03 12:20:28.539851_<000701dacd34$7fa4a120$7eede360$@nbt.tj>', datetime.datetime(2024, 7, 3, 15, 33, 52, tzinfo=datetime.timezone.utc), datetime.datetime(2024, 7, 3, 12, 20, 29, tzinfo=datetime.timezone.utc), 'Халимзод Исмоил Абдурахмон <ihalimzod@nbt.tj>', 1, 1)
[2024-07-08T10:22:07.439+0000] {logging_mixin.py:151} INFO - 2024-01-31 00:00:00
[2024-07-08T10:22:07.440+0000] {logging_mixin.py:151} INFO - {'name': '1HK', 'version': 'v0', 'bic4': '0000', 'date': '2024-01-31 00:00:00'}
[2024-07-08T10:22:07.442+0000] {logging_mixin.py:151} INFO - PostgreSQL connection is closed
[2024-07-08T10:22:07.444+0000] {python.py:194} INFO - Done. Returned value was: None
[2024-07-08T10:22:07.455+0000] {taskinstance.py:1400} INFO - Marking task as SUCCESS. dag_id=reports_workflow, task_id=task_validate_submissions, execution_date=20240708T064000, start_date=20240708T102207, end_date=20240708T102207
[2024-07-08T10:22:07.485+0000] {local_task_job_runner.py:228} INFO - Task exited with return code 0
[2024-07-08T10:22:07.517+0000] {taskinstance.py:2784} INFO - 0 downstream tasks scheduled from follow-on schedule check
[2024-07-08T10:26:57.161+0000] {taskinstance.py:1159} INFO - Dependencies all met for dep_context=non-requeueable deps ti=<TaskInstance: reports_workflow.task_validate_submissions scheduled__2024-07-08T06:40:00+00:00 [queued]>
[2024-07-08T10:26:57.198+0000] {taskinstance.py:1159} INFO - Dependencies all met for dep_context=requeueable deps ti=<TaskInstance: reports_workflow.task_validate_submissions scheduled__2024-07-08T06:40:00+00:00 [queued]>
[2024-07-08T10:26:57.198+0000] {taskinstance.py:1361} INFO - Starting attempt 1 of 2
[2024-07-08T10:26:57.210+0000] {taskinstance.py:1382} INFO - Executing <Task(PythonOperator): task_validate_submissions> on 2024-07-08 06:40:00+00:00
[2024-07-08T10:26:57.216+0000] {standard_task_runner.py:57} INFO - Started process 8724 to run task
[2024-07-08T10:26:57.224+0000] {standard_task_runner.py:84} INFO - Running: ['***', 'tasks', 'run', 'reports_workflow', 'task_validate_submissions', 'scheduled__2024-07-08T06:40:00+00:00', '--job-id', '4007', '--raw', '--subdir', 'DAGS_FOLDER/dag_email_robot.py', '--cfg-path', '/tmp/tmpd6efqfjp']
[2024-07-08T10:26:57.228+0000] {standard_task_runner.py:85} INFO - Job 4007: Subtask task_validate_submissions
[2024-07-08T10:26:57.293+0000] {task_command.py:415} INFO - Running <TaskInstance: reports_workflow.task_validate_submissions scheduled__2024-07-08T06:40:00+00:00 [running]> on host 6f4ef5488251
[2024-07-08T10:26:57.390+0000] {taskinstance.py:1660} INFO - Exporting env vars: AIRFLOW_CTX_DAG_OWNER='FIRDAVS' AIRFLOW_CTX_DAG_ID='reports_workflow' AIRFLOW_CTX_TASK_ID='task_validate_submissions' AIRFLOW_CTX_EXECUTION_DATE='2024-07-08T06:40:00+00:00' AIRFLOW_CTX_TRY_NUMBER='1' AIRFLOW_CTX_DAG_RUN_ID='scheduled__2024-07-08T06:40:00+00:00'
[2024-07-08T10:26:57.409+0000] {logging_mixin.py:151} INFO - (1, '+OK 1 1720002855705013288', 'khalimzod@list.ru_374_2024-07-03 12:20:28.539851_<000701dacd34$7fa4a120$7eede360$@nbt.tj>', datetime.datetime(2024, 7, 3, 15, 33, 52, tzinfo=datetime.timezone.utc), datetime.datetime(2024, 7, 3, 12, 20, 29, tzinfo=datetime.timezone.utc), 'Халимзод Исмоил Абдурахмон <ihalimzod@nbt.tj>', 1, 1)
[2024-07-08T10:26:57.413+0000] {logging_mixin.py:151} INFO - 2024-01-31 00:00:00
[2024-07-08T10:26:57.414+0000] {logging_mixin.py:151} INFO - {'name': '1HK', 'version': 'v0', 'bic4': '0000', 'date': '2024-01-31 00:00:00'}
[2024-07-08T10:26:57.415+0000] {logging_mixin.py:151} INFO - PostgreSQL connection is closed
[2024-07-08T10:26:57.415+0000] {python.py:194} INFO - Done. Returned value was: None
[2024-07-08T10:26:57.428+0000] {taskinstance.py:1400} INFO - Marking task as SUCCESS. dag_id=reports_workflow, task_id=task_validate_submissions, execution_date=20240708T064000, start_date=20240708T102657, end_date=20240708T102657
[2024-07-08T10:26:57.481+0000] {local_task_job_runner.py:228} INFO - Task exited with return code 0
[2024-07-08T10:26:57.513+0000] {taskinstance.py:2784} INFO - 0 downstream tasks scheduled from follow-on schedule check
