[2024-07-08T05:35:01.900+0000] {taskinstance.py:1159} INFO - Dependencies all met for dep_context=non-requeueable deps ti=<TaskInstance: reports_workflow.task_validate_submissions scheduled__2024-07-08T05:30:00+00:00 [queued]>
[2024-07-08T05:35:01.907+0000] {taskinstance.py:1159} INFO - Dependencies all met for dep_context=requeueable deps ti=<TaskInstance: reports_workflow.task_validate_submissions scheduled__2024-07-08T05:30:00+00:00 [queued]>
[2024-07-08T05:35:01.907+0000] {taskinstance.py:1361} INFO - Starting attempt 1 of 2
[2024-07-08T05:35:01.927+0000] {taskinstance.py:1382} INFO - Executing <Task(PythonOperator): task_validate_submissions> on 2024-07-08 05:30:00+00:00
[2024-07-08T05:35:01.934+0000] {standard_task_runner.py:57} INFO - Started process 2824 to run task
[2024-07-08T05:35:01.939+0000] {standard_task_runner.py:84} INFO - Running: ['***', 'tasks', 'run', 'reports_workflow', 'task_validate_submissions', 'scheduled__2024-07-08T05:30:00+00:00', '--job-id', '3532', '--raw', '--subdir', 'DAGS_FOLDER/dag_email_robot.py', '--cfg-path', '/tmp/tmptlb5i782']
[2024-07-08T05:35:01.944+0000] {standard_task_runner.py:85} INFO - Job 3532: Subtask task_validate_submissions
[2024-07-08T05:35:02.022+0000] {task_command.py:415} INFO - Running <TaskInstance: reports_workflow.task_validate_submissions scheduled__2024-07-08T05:30:00+00:00 [running]> on host 6f4ef5488251
[2024-07-08T05:35:02.127+0000] {taskinstance.py:1660} INFO - Exporting env vars: AIRFLOW_CTX_DAG_OWNER='FIRDAVS' AIRFLOW_CTX_DAG_ID='reports_workflow' AIRFLOW_CTX_TASK_ID='task_validate_submissions' AIRFLOW_CTX_EXECUTION_DATE='2024-07-08T05:30:00+00:00' AIRFLOW_CTX_TRY_NUMBER='1' AIRFLOW_CTX_DAG_RUN_ID='scheduled__2024-07-08T05:30:00+00:00'
[2024-07-08T05:35:02.129+0000] {logging_mixin.py:151} INFO - path of config file:  /opt/***
[2024-07-08T05:35:02.148+0000] {logging_mixin.py:151} INFO - 2024-01-31 00:00:00
[2024-07-08T05:35:02.149+0000] {logging_mixin.py:151} INFO - {'name': '1HK', 'version': 'v0', 'bic4': '0000', 'date': '2024-01-31 00:00:00'}
[2024-07-08T05:35:02.149+0000] {logging_mixin.py:151} INFO - PostgreSQL connection is closed
[2024-07-08T05:35:02.149+0000] {python.py:194} INFO - Done. Returned value was: None
[2024-07-08T05:35:02.157+0000] {taskinstance.py:1400} INFO - Marking task as SUCCESS. dag_id=reports_workflow, task_id=task_validate_submissions, execution_date=20240708T053000, start_date=20240708T053501, end_date=20240708T053502
[2024-07-08T05:35:02.190+0000] {local_task_job_runner.py:228} INFO - Task exited with return code 0
[2024-07-08T05:35:02.220+0000] {taskinstance.py:2784} INFO - 0 downstream tasks scheduled from follow-on schedule check
[2024-07-08T10:13:30.664+0000] {taskinstance.py:1159} INFO - Dependencies all met for dep_context=non-requeueable deps ti=<TaskInstance: reports_workflow.task_validate_submissions scheduled__2024-07-08T05:30:00+00:00 [queued]>
[2024-07-08T10:13:30.703+0000] {taskinstance.py:1159} INFO - Dependencies all met for dep_context=requeueable deps ti=<TaskInstance: reports_workflow.task_validate_submissions scheduled__2024-07-08T05:30:00+00:00 [queued]>
[2024-07-08T10:13:30.703+0000] {taskinstance.py:1361} INFO - Starting attempt 1 of 2
[2024-07-08T10:13:30.796+0000] {taskinstance.py:1382} INFO - Executing <Task(PythonOperator): task_validate_submissions> on 2024-07-08 05:30:00+00:00
[2024-07-08T10:13:30.835+0000] {standard_task_runner.py:57} INFO - Started process 7694 to run task
[2024-07-08T10:13:30.845+0000] {standard_task_runner.py:84} INFO - Running: ['***', 'tasks', 'run', 'reports_workflow', 'task_validate_submissions', 'scheduled__2024-07-08T05:30:00+00:00', '--job-id', '3728', '--raw', '--subdir', 'DAGS_FOLDER/dag_email_robot.py', '--cfg-path', '/tmp/tmpjug5gzjw']
[2024-07-08T10:13:30.855+0000] {standard_task_runner.py:85} INFO - Job 3728: Subtask task_validate_submissions
[2024-07-08T10:13:31.026+0000] {task_command.py:415} INFO - Running <TaskInstance: reports_workflow.task_validate_submissions scheduled__2024-07-08T05:30:00+00:00 [running]> on host 6f4ef5488251
[2024-07-08T10:13:31.191+0000] {taskinstance.py:1660} INFO - Exporting env vars: AIRFLOW_CTX_DAG_OWNER='FIRDAVS' AIRFLOW_CTX_DAG_ID='reports_workflow' AIRFLOW_CTX_TASK_ID='task_validate_submissions' AIRFLOW_CTX_EXECUTION_DATE='2024-07-08T05:30:00+00:00' AIRFLOW_CTX_TRY_NUMBER='1' AIRFLOW_CTX_DAG_RUN_ID='scheduled__2024-07-08T05:30:00+00:00'
[2024-07-08T10:13:31.195+0000] {taskinstance.py:1943} ERROR - Task failed with exception
Traceback (most recent call last):
  File "/opt/airflow/dags/dependancy_check.py", line 15, in get_hello
    connection = psycopg2.connect(user="docker",
  File "/home/airflow/.local/lib/python3.8/site-packages/psycopg2/__init__.py", line 122, in connect
    conn = _connect(dsn, connection_factory=connection_factory, **kwasync)
psycopg2.OperationalError: could not translate host name "posql-postgres_omor-1" to address: Name or service not known


During handling of the above exception, another exception occurred:

Traceback (most recent call last):
  File "/home/airflow/.local/lib/python3.8/site-packages/airflow/operators/python.py", line 192, in execute
    return_value = self.execute_callable()
  File "/home/airflow/.local/lib/python3.8/site-packages/airflow/operators/python.py", line 209, in execute_callable
    return self.python_callable(*self.op_args, **self.op_kwargs)
  File "/opt/airflow/dags/dag_email_robot.py", line 49, in validate_submissions
    get_hello()
  File "/opt/airflow/dags/dependancy_check.py", line 266, in get_hello
    if connection:
UnboundLocalError: local variable 'connection' referenced before assignment
[2024-07-08T10:13:31.297+0000] {taskinstance.py:1400} INFO - Marking task as UP_FOR_RETRY. dag_id=reports_workflow, task_id=task_validate_submissions, execution_date=20240708T053000, start_date=20240708T101330, end_date=20240708T101331
[2024-07-08T10:13:31.308+0000] {standard_task_runner.py:104} ERROR - Failed to execute job 3728 for task task_validate_submissions (local variable 'connection' referenced before assignment; 7694)
[2024-07-08T10:13:31.330+0000] {local_task_job_runner.py:228} INFO - Task exited with return code 1
[2024-07-08T10:13:31.355+0000] {taskinstance.py:2784} INFO - 0 downstream tasks scheduled from follow-on schedule check
[2024-07-08T10:21:41.176+0000] {taskinstance.py:1159} INFO - Dependencies all met for dep_context=non-requeueable deps ti=<TaskInstance: reports_workflow.task_validate_submissions scheduled__2024-07-08T05:30:00+00:00 [queued]>
[2024-07-08T10:21:41.216+0000] {taskinstance.py:1159} INFO - Dependencies all met for dep_context=requeueable deps ti=<TaskInstance: reports_workflow.task_validate_submissions scheduled__2024-07-08T05:30:00+00:00 [queued]>
[2024-07-08T10:21:41.216+0000] {taskinstance.py:1361} INFO - Starting attempt 1 of 2
[2024-07-08T10:21:41.230+0000] {taskinstance.py:1382} INFO - Executing <Task(PythonOperator): task_validate_submissions> on 2024-07-08 05:30:00+00:00
[2024-07-08T10:21:41.235+0000] {standard_task_runner.py:57} INFO - Started process 7894 to run task
[2024-07-08T10:21:41.242+0000] {standard_task_runner.py:84} INFO - Running: ['***', 'tasks', 'run', 'reports_workflow', 'task_validate_submissions', 'scheduled__2024-07-08T05:30:00+00:00', '--job-id', '3756', '--raw', '--subdir', 'DAGS_FOLDER/dag_email_robot.py', '--cfg-path', '/tmp/tmpvw456ma1']
[2024-07-08T10:21:41.247+0000] {standard_task_runner.py:85} INFO - Job 3756: Subtask task_validate_submissions
[2024-07-08T10:21:41.301+0000] {task_command.py:415} INFO - Running <TaskInstance: reports_workflow.task_validate_submissions scheduled__2024-07-08T05:30:00+00:00 [running]> on host 6f4ef5488251
[2024-07-08T10:21:41.398+0000] {taskinstance.py:1660} INFO - Exporting env vars: AIRFLOW_CTX_DAG_OWNER='FIRDAVS' AIRFLOW_CTX_DAG_ID='reports_workflow' AIRFLOW_CTX_TASK_ID='task_validate_submissions' AIRFLOW_CTX_EXECUTION_DATE='2024-07-08T05:30:00+00:00' AIRFLOW_CTX_TRY_NUMBER='1' AIRFLOW_CTX_DAG_RUN_ID='scheduled__2024-07-08T05:30:00+00:00'
[2024-07-08T10:21:41.414+0000] {logging_mixin.py:151} INFO - (1, '+OK 1 1720002855705013288', 'khalimzod@list.ru_374_2024-07-03 12:20:28.539851_<000701dacd34$7fa4a120$7eede360$@nbt.tj>', datetime.datetime(2024, 7, 3, 15, 33, 52, tzinfo=datetime.timezone.utc), datetime.datetime(2024, 7, 3, 12, 20, 29, tzinfo=datetime.timezone.utc), 'Халимзод Исмоил Абдурахмон <ihalimzod@nbt.tj>', 1, 1)
[2024-07-08T10:21:41.417+0000] {logging_mixin.py:151} INFO - 2024-01-31 00:00:00
[2024-07-08T10:21:41.417+0000] {logging_mixin.py:151} INFO - {'name': '1HK', 'version': 'v0', 'bic4': '0000', 'date': '2024-01-31 00:00:00'}
[2024-07-08T10:21:41.420+0000] {logging_mixin.py:151} INFO - PostgreSQL connection is closed
[2024-07-08T10:21:41.421+0000] {python.py:194} INFO - Done. Returned value was: None
[2024-07-08T10:21:41.430+0000] {taskinstance.py:1400} INFO - Marking task as SUCCESS. dag_id=reports_workflow, task_id=task_validate_submissions, execution_date=20240708T053000, start_date=20240708T102141, end_date=20240708T102141
[2024-07-08T10:21:41.457+0000] {local_task_job_runner.py:228} INFO - Task exited with return code 0
[2024-07-08T10:21:41.483+0000] {taskinstance.py:2784} INFO - 0 downstream tasks scheduled from follow-on schedule check
[2024-07-08T10:25:40.943+0000] {taskinstance.py:1159} INFO - Dependencies all met for dep_context=non-requeueable deps ti=<TaskInstance: reports_workflow.task_validate_submissions scheduled__2024-07-08T05:30:00+00:00 [queued]>
[2024-07-08T10:25:41.010+0000] {taskinstance.py:1159} INFO - Dependencies all met for dep_context=requeueable deps ti=<TaskInstance: reports_workflow.task_validate_submissions scheduled__2024-07-08T05:30:00+00:00 [queued]>
[2024-07-08T10:25:41.016+0000] {taskinstance.py:1361} INFO - Starting attempt 1 of 2
[2024-07-08T10:25:41.166+0000] {taskinstance.py:1382} INFO - Executing <Task(PythonOperator): task_validate_submissions> on 2024-07-08 05:30:00+00:00
[2024-07-08T10:25:41.188+0000] {standard_task_runner.py:57} INFO - Started process 8496 to run task
[2024-07-08T10:25:41.224+0000] {standard_task_runner.py:84} INFO - Running: ['***', 'tasks', 'run', 'reports_workflow', 'task_validate_submissions', 'scheduled__2024-07-08T05:30:00+00:00', '--job-id', '3928', '--raw', '--subdir', 'DAGS_FOLDER/dag_email_robot.py', '--cfg-path', '/tmp/tmpo_x2i2xi']
[2024-07-08T10:25:41.244+0000] {standard_task_runner.py:85} INFO - Job 3928: Subtask task_validate_submissions
[2024-07-08T10:25:41.411+0000] {task_command.py:415} INFO - Running <TaskInstance: reports_workflow.task_validate_submissions scheduled__2024-07-08T05:30:00+00:00 [running]> on host 6f4ef5488251
[2024-07-08T10:25:41.597+0000] {taskinstance.py:1660} INFO - Exporting env vars: AIRFLOW_CTX_DAG_OWNER='FIRDAVS' AIRFLOW_CTX_DAG_ID='reports_workflow' AIRFLOW_CTX_TASK_ID='task_validate_submissions' AIRFLOW_CTX_EXECUTION_DATE='2024-07-08T05:30:00+00:00' AIRFLOW_CTX_TRY_NUMBER='1' AIRFLOW_CTX_DAG_RUN_ID='scheduled__2024-07-08T05:30:00+00:00'
[2024-07-08T10:25:41.619+0000] {logging_mixin.py:151} INFO - (1, '+OK 1 1720002855705013288', 'khalimzod@list.ru_374_2024-07-03 12:20:28.539851_<000701dacd34$7fa4a120$7eede360$@nbt.tj>', datetime.datetime(2024, 7, 3, 15, 33, 52, tzinfo=datetime.timezone.utc), datetime.datetime(2024, 7, 3, 12, 20, 29, tzinfo=datetime.timezone.utc), 'Халимзод Исмоил Абдурахмон <ihalimzod@nbt.tj>', 1, 1)
[2024-07-08T10:25:41.622+0000] {logging_mixin.py:151} INFO - 2024-01-31 00:00:00
[2024-07-08T10:25:41.622+0000] {logging_mixin.py:151} INFO - {'name': '1HK', 'version': 'v0', 'bic4': '0000', 'date': '2024-01-31 00:00:00'}
[2024-07-08T10:25:41.623+0000] {logging_mixin.py:151} INFO - PostgreSQL connection is closed
[2024-07-08T10:25:41.623+0000] {python.py:194} INFO - Done. Returned value was: None
[2024-07-08T10:25:41.648+0000] {taskinstance.py:1400} INFO - Marking task as SUCCESS. dag_id=reports_workflow, task_id=task_validate_submissions, execution_date=20240708T053000, start_date=20240708T102540, end_date=20240708T102541
[2024-07-08T10:25:41.691+0000] {local_task_job_runner.py:228} INFO - Task exited with return code 0
[2024-07-08T10:25:41.742+0000] {taskinstance.py:2784} INFO - 0 downstream tasks scheduled from follow-on schedule check
[2024-07-08T10:26:29.043+0000] {taskinstance.py:1159} INFO - Dependencies all met for dep_context=non-requeueable deps ti=<TaskInstance: reports_workflow.task_validate_submissions scheduled__2024-07-08T05:30:00+00:00 [queued]>
[2024-07-08T10:26:29.058+0000] {taskinstance.py:1159} INFO - Dependencies all met for dep_context=requeueable deps ti=<TaskInstance: reports_workflow.task_validate_submissions scheduled__2024-07-08T05:30:00+00:00 [queued]>
[2024-07-08T10:26:29.059+0000] {taskinstance.py:1361} INFO - Starting attempt 1 of 2
[2024-07-08T10:26:29.092+0000] {taskinstance.py:1382} INFO - Executing <Task(PythonOperator): task_validate_submissions> on 2024-07-08 05:30:00+00:00
[2024-07-08T10:26:29.114+0000] {standard_task_runner.py:57} INFO - Started process 8603 to run task
[2024-07-08T10:26:29.132+0000] {standard_task_runner.py:84} INFO - Running: ['***', 'tasks', 'run', 'reports_workflow', 'task_validate_submissions', 'scheduled__2024-07-08T05:30:00+00:00', '--job-id', '3965', '--raw', '--subdir', 'DAGS_FOLDER/dag_email_robot.py', '--cfg-path', '/tmp/tmpv60caj0m']
[2024-07-08T10:26:29.148+0000] {standard_task_runner.py:85} INFO - Job 3965: Subtask task_validate_submissions
[2024-07-08T10:26:29.272+0000] {task_command.py:415} INFO - Running <TaskInstance: reports_workflow.task_validate_submissions scheduled__2024-07-08T05:30:00+00:00 [running]> on host 6f4ef5488251
[2024-07-08T10:26:29.414+0000] {taskinstance.py:1660} INFO - Exporting env vars: AIRFLOW_CTX_DAG_OWNER='FIRDAVS' AIRFLOW_CTX_DAG_ID='reports_workflow' AIRFLOW_CTX_TASK_ID='task_validate_submissions' AIRFLOW_CTX_EXECUTION_DATE='2024-07-08T05:30:00+00:00' AIRFLOW_CTX_TRY_NUMBER='1' AIRFLOW_CTX_DAG_RUN_ID='scheduled__2024-07-08T05:30:00+00:00'
[2024-07-08T10:26:29.447+0000] {logging_mixin.py:151} INFO - (1, '+OK 1 1720002855705013288', 'khalimzod@list.ru_374_2024-07-03 12:20:28.539851_<000701dacd34$7fa4a120$7eede360$@nbt.tj>', datetime.datetime(2024, 7, 3, 15, 33, 52, tzinfo=datetime.timezone.utc), datetime.datetime(2024, 7, 3, 12, 20, 29, tzinfo=datetime.timezone.utc), 'Халимзод Исмоил Абдурахмон <ihalimzod@nbt.tj>', 1, 1)
[2024-07-08T10:26:29.451+0000] {logging_mixin.py:151} INFO - 2024-01-31 00:00:00
[2024-07-08T10:26:29.452+0000] {logging_mixin.py:151} INFO - {'name': '1HK', 'version': 'v0', 'bic4': '0000', 'date': '2024-01-31 00:00:00'}
[2024-07-08T10:26:29.456+0000] {logging_mixin.py:151} INFO - PostgreSQL connection is closed
[2024-07-08T10:26:29.456+0000] {python.py:194} INFO - Done. Returned value was: None
[2024-07-08T10:26:29.481+0000] {taskinstance.py:1400} INFO - Marking task as SUCCESS. dag_id=reports_workflow, task_id=task_validate_submissions, execution_date=20240708T053000, start_date=20240708T102629, end_date=20240708T102629
[2024-07-08T10:26:29.554+0000] {local_task_job_runner.py:228} INFO - Task exited with return code 0
[2024-07-08T10:26:29.584+0000] {taskinstance.py:2784} INFO - 0 downstream tasks scheduled from follow-on schedule check
